<?xml version="1.0" encoding="UTF-8"?>
<!-- Generated by org.testng.reporters.JUnitXMLReporter -->
<testsuite hostname="brahma-PC" name="Default test" tests="3" failures="0" timestamp="27 Apr 2021 19:55:13 GMT" time="0.379" errors="0">
  <testcase name="Test1" time="0.141" classname="testNGBasics.invocationCntbasics1"/>
  <testcase name="Test1" time="0.031" classname="testNGBasics.invocationCntbasics1"/>
  <testcase name="Test1" time="0.022" classname="testNGBasics.invocationCntbasics1"/>
</testsuite> <!-- Default test -->
