<?xml version="1.0" encoding="UTF-8"?>
<testng-results skipped="0" failed="0" total="3" passed="3">
  <reporter-output>
  </reporter-output>
  <suite name="Default suite" duration-ms="379" started-at="2021-04-27T19:55:13Z" finished-at="2021-04-27T19:55:13Z">
    <groups>
    </groups>
    <test name="Default test" duration-ms="379" started-at="2021-04-27T19:55:13Z" finished-at="2021-04-27T19:55:13Z">
      <class name="testNGBasics.invocationCntbasics1">
        <test-method status="PASS" signature="Test1()[pri:0, instance:testNGBasics.invocationCntbasics1@28feb3fa]" name="Test1" duration-ms="141" started-at="2021-04-28T01:25:13Z" finished-at="2021-04-28T01:25:13Z">
          <reporter-output>
          </reporter-output>
        </test-method> <!-- Test1 -->
        <test-method status="PASS" signature="Test1()[pri:0, instance:testNGBasics.invocationCntbasics1@28feb3fa]" name="Test1" duration-ms="31" started-at="2021-04-28T01:25:13Z" finished-at="2021-04-28T01:25:13Z">
          <reporter-output>
          </reporter-output>
        </test-method> <!-- Test1 -->
        <test-method status="PASS" signature="Test1()[pri:0, instance:testNGBasics.invocationCntbasics1@28feb3fa]" name="Test1" duration-ms="22" started-at="2021-04-28T01:25:13Z" finished-at="2021-04-28T01:25:13Z">
          <reporter-output>
          </reporter-output>
        </test-method> <!-- Test1 -->
      </class> <!-- testNGBasics.invocationCntbasics1 -->
    </test> <!-- Default test -->
  </suite> <!-- Default suite -->
</testng-results>
